TN:
SF:src/async.js
FN:1,fetchProduct
FNF:1
FNH:1
FNDA:5,fetchProduct
DA:1,5
DA:2,5
DA:3,1
DA:4,1
DA:5,4
DA:6,4
DA:7,1
DA:8,1
LF:8
LH:8
BRDA:1,0,0,5
BRDA:2,1,0,1
BRDA:4,2,0,4
BRF:3
BRH:3
end_of_record
TN:
SF:src/calculator.js
FN:2,Calculator
FN:6,set
FN:10,clear
FN:14,add
FN:22,subtract
FN:26,multiply
FN:30,divide
FNF:7
FNH:7
FNDA:11,Calculator
FNDA:7,set
FNDA:2,clear
FNDA:3,add
FNDA:2,subtract
FNDA:2,multiply
FNDA:4,divide
DA:1,1
DA:2,1
DA:3,11
DA:4,11
DA:5,1
DA:6,1
DA:7,7
DA:8,7
DA:9,1
DA:10,1
DA:11,2
DA:12,2
DA:13,1
DA:14,1
DA:15,3
DA:16,3
DA:17,1
DA:18,1
DA:19,2
DA:20,2
DA:21,1
DA:22,1
DA:23,2
DA:24,2
DA:25,1
DA:26,1
DA:27,2
DA:28,2
DA:29,1
DA:30,1
DA:31,4
DA:32,4
DA:33,1
DA:34,1
DA:35,1
LF:35
LH:35
BRDA:2,0,0,11
BRDA:6,1,0,7
BRDA:10,2,0,2
BRDA:14,3,0,3
BRDA:16,4,0,1
BRDA:18,5,0,2
BRDA:22,6,0,2
BRDA:26,7,0,2
BRDA:30,8,0,4
BRF:9
BRH:9
end_of_record
