TN:
SF:src/basic/add.js
FN:1,add
FNF:1
FNH:1
FNDA:1,add
DA:1,1
DA:2,1
DA:3,1
DA:4,1
DA:5,1
DA:6,1
DA:7,1
LF:7
LH:7
BRDA:1,0,0,1
BRF:1
BRH:1
end_of_record
TN:
SF:src/basic/async.js
FN:1,fetchProduct
FNF:1
FNH:1
FNDA:5,fetchProduct
DA:1,5
DA:2,5
DA:3,1
DA:4,1
DA:5,4
DA:6,4
DA:7,1
DA:8,1
LF:8
LH:8
BRDA:1,0,0,5
BRDA:2,1,0,1
BRDA:4,2,0,4
BRF:3
BRH:3
end_of_record
TN:
SF:src/basic/calculator.js
FN:2,Calculator
FN:6,set
FN:10,clear
FN:14,add
FN:22,subtract
FN:26,multiply
FN:30,divide
FNF:7
FNH:7
FNDA:11,Calculator
FNDA:7,set
FNDA:2,clear
FNDA:3,add
FNDA:2,subtract
FNDA:2,multiply
FNDA:4,divide
DA:1,1
DA:2,1
DA:3,11
DA:4,11
DA:5,1
DA:6,1
DA:7,7
DA:8,7
DA:9,1
DA:10,1
DA:11,2
DA:12,2
DA:13,1
DA:14,1
DA:15,3
DA:16,3
DA:17,1
DA:18,1
DA:19,2
DA:20,2
DA:21,1
DA:22,1
DA:23,2
DA:24,2
DA:25,1
DA:26,1
DA:27,2
DA:28,2
DA:29,1
DA:30,1
DA:31,4
DA:32,4
DA:33,1
DA:34,1
DA:35,1
LF:35
LH:35
BRDA:2,0,0,11
BRDA:6,1,0,7
BRDA:10,2,0,2
BRDA:14,3,0,3
BRDA:16,4,0,1
BRDA:18,5,0,2
BRDA:22,6,0,2
BRDA:26,7,0,2
BRDA:30,8,0,4
BRF:9
BRH:9
end_of_record
TN:
SF:src/mock/check/check.js
FN:1,check
FNF:1
FNH:1
FNDA:2,check
DA:1,2
DA:2,2
DA:3,1
DA:4,1
DA:5,1
DA:6,1
DA:7,2
DA:8,1
DA:9,1
LF:9
LH:9
BRDA:1,0,0,2
BRDA:2,1,0,1
BRF:2
BRH:2
end_of_record
TN:
SF:src/mock/product/product_client.js
FN:2,fetchItems
FNF:1
FNH:0
FNDA:0,fetchItems
DA:1,1
DA:2,1
DA:3,0
DA:4,0
DA:5,0
DA:6,0
DA:7,1
DA:8,1
DA:9,1
LF:9
LH:5
BRF:0
BRH:0
end_of_record
TN:
SF:src/mock/product/product_service.js
FN:2,ProductService
FN:7,fetchAvailableItems
FNF:2
FNH:2
FNDA:1,ProductService
FNDA:1,fetchAvailableItems
DA:1,1
DA:2,1
DA:3,1
DA:4,1
DA:5,1
DA:6,1
DA:7,1
DA:8,1
DA:9,1
DA:10,1
DA:11,1
DA:12,1
DA:13,1
DA:14,1
LF:14
LH:14
BRDA:2,0,0,1
BRDA:7,1,0,1
BRDA:10,2,0,1
BRDA:10,3,0,2
BRF:4
BRH:4
end_of_record
TN:
SF:src/mock/product/product_service_no_di.js
FN:3,ProductService
FN:8,fetchAvailableItems
FNF:2
FNH:2
FNDA:1,ProductService
FNDA:1,fetchAvailableItems
DA:1,1
DA:2,1
DA:3,1
DA:4,1
DA:5,1
DA:6,1
DA:7,1
DA:8,1
DA:9,1
DA:10,1
DA:11,1
DA:12,1
DA:13,1
DA:14,1
DA:15,1
LF:15
LH:15
BRDA:3,0,0,1
BRDA:8,1,0,1
BRDA:11,2,0,1
BRDA:11,3,0,2
BRF:4
BRH:4
end_of_record
TN:
SF:src/mock/product/test/stub_product_client.js
FN:2,fetchItems
FNF:1
FNH:1
FNDA:1,fetchItems
DA:1,1
DA:2,1
DA:3,1
DA:4,1
DA:5,1
DA:6,1
DA:7,1
DA:8,1
DA:9,1
DA:10,1
DA:11,1
DA:12,1
DA:13,1
LF:13
LH:13
BRDA:2,0,0,1
BRF:1
BRH:1
end_of_record
